cuda available: True
[INFO] loading the paired desmoke image dataset...
[INFO] paired desmoke image dataset loaded...
Epoch [1/200], loss: 0.2910
Epoch [2/200], loss: 0.2326
Epoch [3/200], loss: 0.2205
Epoch [4/200], loss: 0.2098
Epoch [5/200], loss: 0.2042
Epoch [6/200], loss: 0.1940
Epoch [7/200], loss: 0.1911
Epoch [8/200], loss: 0.1825
Epoch [9/200], loss: 0.1771
Epoch [10/200], loss: 0.1707
Epoch [11/200], loss: 0.1656
Epoch [12/200], loss: 0.1627
Epoch [13/200], loss: 0.1587
Epoch [14/200], loss: 0.1550
Epoch [15/200], loss: 0.1526
Epoch [16/200], loss: 0.1485
Epoch [17/200], loss: 0.1474
Epoch [18/200], loss: 0.1474
Epoch [19/200], loss: 0.1414
Epoch [20/200], loss: 0.1404
Epoch [21/200], loss: 0.1388
Epoch [22/200], loss: 0.1365
Epoch [23/200], loss: 0.1340
Epoch [24/200], loss: 0.1321
Epoch [25/200], loss: 0.1351
Epoch [26/200], loss: 0.1293
Epoch [27/200], loss: 0.1286
Epoch [28/200], loss: 0.1264
Epoch [29/200], loss: 0.1254
Epoch [30/200], loss: 0.1232
Epoch [31/200], loss: 0.1223
Epoch [32/200], loss: 0.1195
Epoch [33/200], loss: 0.1185
Epoch [34/200], loss: 0.1176
Epoch [35/200], loss: 0.1149
Epoch [36/200], loss: 0.1140
Epoch [37/200], loss: 0.1119
Epoch [38/200], loss: 0.1103
Epoch [39/200], loss: 0.1081
Epoch [40/200], loss: 0.1081
Epoch [41/200], loss: 0.1060
Epoch [42/200], loss: 0.1033
Epoch [43/200], loss: 0.1031
Epoch [44/200], loss: 0.1002
Epoch [45/200], loss: 0.0993
Epoch [46/200], loss: 0.0986
Epoch [47/200], loss: 0.0967
Epoch [48/200], loss: 0.0950
Epoch [49/200], loss: 0.0924
Epoch [50/200], loss: 0.0920
Epoch [51/200], loss: 0.0904
Epoch [52/200], loss: 0.0897
Epoch [53/200], loss: 0.0874
Epoch [54/200], loss: 0.0857
Epoch [55/200], loss: 0.0844
Epoch [56/200], loss: 0.0833
Epoch [57/200], loss: 0.0824
Epoch [58/200], loss: 0.0807
Epoch [59/200], loss: 0.0790
Epoch [60/200], loss: 0.0774
Epoch [61/200], loss: 0.0765
Epoch [62/200], loss: 0.0754
Epoch [63/200], loss: 0.0737
Epoch [64/200], loss: 0.0739
Epoch [65/200], loss: 0.0715
Epoch [66/200], loss: 0.0707
Epoch [67/200], loss: 0.0698
Epoch [68/200], loss: 0.0682
Epoch [69/200], loss: 0.0671
Epoch [70/200], loss: 0.0667
Epoch [71/200], loss: 0.0653
Epoch [72/200], loss: 0.0653
Epoch [73/200], loss: 0.0641
Epoch [74/200], loss: 0.0629
Epoch [75/200], loss: 0.0613
Epoch [76/200], loss: 0.0608
Epoch [77/200], loss: 0.0597
Epoch [78/200], loss: 0.0590
Epoch [79/200], loss: 0.0588
Epoch [80/200], loss: 0.0570
Epoch [81/200], loss: 0.0569
Epoch [82/200], loss: 0.0553
Epoch [83/200], loss: 0.0552
Epoch [84/200], loss: 0.0543
Epoch [85/200], loss: 0.0534
Epoch [86/200], loss: 0.0526
Epoch [87/200], loss: 0.0525
Epoch [88/200], loss: 0.0510
Epoch [89/200], loss: 0.0504
Epoch [90/200], loss: 0.0504
Epoch [91/200], loss: 0.0500
Epoch [92/200], loss: 0.0492
Epoch [93/200], loss: 0.0477
Epoch [94/200], loss: 0.0475
Epoch [95/200], loss: 0.0466
Epoch [96/200], loss: 0.0463
Epoch [97/200], loss: 0.0453
Epoch [98/200], loss: 0.0454
Epoch [99/200], loss: 0.0448
Epoch [100/200], loss: 0.0449
Epoch [101/200], loss: 0.0432
Epoch [102/200], loss: 0.0428
Epoch [103/200], loss: 0.0423
Epoch [104/200], loss: 0.0422
Epoch [105/200], loss: 0.0421
Epoch [106/200], loss: 0.0411
Epoch [107/200], loss: 0.0407
Epoch [108/200], loss: 0.0408
Epoch [109/200], loss: 0.0392
Epoch [110/200], loss: 0.0392
Epoch [111/200], loss: 0.0394
Epoch [112/200], loss: 0.0386
Epoch [113/200], loss: 0.0384
Epoch [114/200], loss: 0.0380
Epoch [115/200], loss: 0.0373
Epoch [116/200], loss: 0.0373
Epoch [117/200], loss: 0.0361
Epoch [118/200], loss: 0.0359
Epoch [119/200], loss: 0.0360
Epoch [120/200], loss: 0.0360
Epoch [121/200], loss: 0.0349
Epoch [122/200], loss: 0.0347
Epoch [123/200], loss: 0.0343
Epoch [124/200], loss: 0.0340
Epoch [125/200], loss: 0.0341
Epoch [126/200], loss: 0.0330
Epoch [127/200], loss: 0.0335
Epoch [128/200], loss: 0.0327
Epoch [129/200], loss: 0.0334
Epoch [130/200], loss: 0.0317
Epoch [131/200], loss: 0.0323
Epoch [132/200], loss: 0.0321
Epoch [133/200], loss: 0.0314
Epoch [134/200], loss: 0.0312
Epoch [135/200], loss: 0.0309
Epoch [136/200], loss: 0.0304
Epoch [137/200], loss: 0.0303
Epoch [138/200], loss: 0.0299
Epoch [139/200], loss: 0.0301
Epoch [140/200], loss: 0.0306
Epoch [141/200], loss: 0.0288
Epoch [142/200], loss: 0.0288
Epoch [143/200], loss: 0.0295
Epoch [144/200], loss: 0.0287
Epoch [145/200], loss: 0.0284
Epoch [146/200], loss: 0.0284
Epoch [147/200], loss: 0.0283
Epoch [148/200], loss: 0.0274
Epoch [149/200], loss: 0.0281
Epoch [150/200], loss: 0.0272
Epoch [151/200], loss: 0.0272
Epoch [152/200], loss: 0.0272
Epoch [153/200], loss: 0.0269
Epoch [154/200], loss: 0.0265
Epoch [155/200], loss: 0.0267
Epoch [156/200], loss: 0.0262
Epoch [157/200], loss: 0.0262
Epoch [158/200], loss: 0.0258
Epoch [159/200], loss: 0.0257
Epoch [160/200], loss: 0.0257
Epoch [161/200], loss: 0.0251
Epoch [162/200], loss: 0.0256
Epoch [163/200], loss: 0.0250
Epoch [164/200], loss: 0.0250
Epoch [165/200], loss: 0.0245
Epoch [166/200], loss: 0.0249
Epoch [167/200], loss: 0.0243
Epoch [168/200], loss: 0.0246
Epoch [169/200], loss: 0.0240
Epoch [170/200], loss: 0.0236
Epoch [171/200], loss: 0.0239
Epoch [172/200], loss: 0.0238
Epoch [173/200], loss: 0.0234
Epoch [174/200], loss: 0.0238
Epoch [175/200], loss: 0.0230
Epoch [176/200], loss: 0.0232
Epoch [177/200], loss: 0.0227
Epoch [178/200], loss: 0.0232
Epoch [179/200], loss: 0.0225
Epoch [180/200], loss: 0.0224
Epoch [181/200], loss: 0.0231
Epoch [182/200], loss: 0.0223
Epoch [183/200], loss: 0.0215
Epoch [184/200], loss: 0.0223
Epoch [185/200], loss: 0.0216
Epoch [186/200], loss: 0.0219
Epoch [187/200], loss: 0.0216
Epoch [188/200], loss: 0.0217
Epoch [189/200], loss: 0.0215
Epoch [190/200], loss: 0.0215
Epoch [191/200], loss: 0.0208
Epoch [192/200], loss: 0.0211
Epoch [193/200], loss: 0.0213
Epoch [194/200], loss: 0.0210
Epoch [195/200], loss: 0.0206
Epoch [196/200], loss: 0.0205
Epoch [197/200], loss: 0.0203
Epoch [198/200], loss: 0.0209
Epoch [199/200], loss: 0.0203
Epoch [200/200], loss: 0.0204
Saving checkpoint at time 2025-03-24_05_57_54.585249
