cuda available: True
[INFO] loading the paired desmoke image dataset...
[INFO] paired desmoke image dataset loaded...
Epoch [1/200], loss: 0.1640
Epoch [2/200], loss: 0.1232
Epoch [3/200], loss: 0.1126
Epoch [4/200], loss: 0.1063
Epoch [5/200], loss: 0.0996
Epoch [6/200], loss: 0.0953
Epoch [7/200], loss: 0.0923
Epoch [8/200], loss: 0.0900
Epoch [9/200], loss: 0.0848
Epoch [10/200], loss: 0.0820
Epoch [11/200], loss: 0.0804
Epoch [12/200], loss: 0.0776
Epoch [13/200], loss: 0.0771
Epoch [14/200], loss: 0.0744
Epoch [15/200], loss: 0.0733
Epoch [16/200], loss: 0.0712
Epoch [17/200], loss: 0.0700
Epoch [18/200], loss: 0.0685
Epoch [19/200], loss: 0.0679
Epoch [20/200], loss: 0.0661
Epoch [21/200], loss: 0.0659
Epoch [22/200], loss: 0.0642
Epoch [23/200], loss: 0.0633
Epoch [24/200], loss: 0.0624
Epoch [25/200], loss: 0.0609
Epoch [26/200], loss: 0.0599
Epoch [27/200], loss: 0.0588
Epoch [28/200], loss: 0.0579
Epoch [29/200], loss: 0.0570
Epoch [30/200], loss: 0.0560
Epoch [31/200], loss: 0.0548
Epoch [32/200], loss: 0.0538
Epoch [33/200], loss: 0.0538
Epoch [34/200], loss: 0.0516
Epoch [35/200], loss: 0.0505
Epoch [36/200], loss: 0.0505
Epoch [37/200], loss: 0.0494
Epoch [38/200], loss: 0.0481
Epoch [39/200], loss: 0.0475
Epoch [40/200], loss: 0.0464
Epoch [41/200], loss: 0.0455
Epoch [42/200], loss: 0.0451
Epoch [43/200], loss: 0.0439
Epoch [44/200], loss: 0.0431
Epoch [45/200], loss: 0.0427
Epoch [46/200], loss: 0.0416
Epoch [47/200], loss: 0.0408
Epoch [48/200], loss: 0.0401
Epoch [49/200], loss: 0.0392
Epoch [50/200], loss: 0.0385
Epoch [51/200], loss: 0.0377
Epoch [52/200], loss: 0.0373
Epoch [53/200], loss: 0.0366
Epoch [54/200], loss: 0.0361
Epoch [55/200], loss: 0.0352
Epoch [56/200], loss: 0.0344
Epoch [57/200], loss: 0.0343
Epoch [58/200], loss: 0.0332
Epoch [59/200], loss: 0.0330
Epoch [60/200], loss: 0.0328
Epoch [61/200], loss: 0.0319
Epoch [62/200], loss: 0.0316
Epoch [63/200], loss: 0.0305
Epoch [64/200], loss: 0.0303
Epoch [65/200], loss: 0.0299
Epoch [66/200], loss: 0.0295
Epoch [67/200], loss: 0.0288
Epoch [68/200], loss: 0.0284
Epoch [69/200], loss: 0.0280
Epoch [70/200], loss: 0.0276
Epoch [71/200], loss: 0.0270
Epoch [72/200], loss: 0.0270
Epoch [73/200], loss: 0.0264
Epoch [74/200], loss: 0.0263
Epoch [75/200], loss: 0.0256
Epoch [76/200], loss: 0.0252
Epoch [77/200], loss: 0.0250
Epoch [78/200], loss: 0.0248
Epoch [79/200], loss: 0.0244
Epoch [80/200], loss: 0.0236
Epoch [81/200], loss: 0.0237
Epoch [82/200], loss: 0.0238
Epoch [83/200], loss: 0.0227
Epoch [84/200], loss: 0.0226
Epoch [85/200], loss: 0.0225
Epoch [86/200], loss: 0.0220
Epoch [87/200], loss: 0.0216
Epoch [88/200], loss: 0.0215
Epoch [89/200], loss: 0.0210
Epoch [90/200], loss: 0.0207
Epoch [91/200], loss: 0.0209
Epoch [92/200], loss: 0.0207
Epoch [93/200], loss: 0.0200
Epoch [94/200], loss: 0.0199
Epoch [95/200], loss: 0.0197
Epoch [96/200], loss: 0.0195
Epoch [97/200], loss: 0.0193
Epoch [98/200], loss: 0.0192
Epoch [99/200], loss: 0.0192
Epoch [100/200], loss: 0.0188
Epoch [101/200], loss: 0.0182
Epoch [102/200], loss: 0.0181
Epoch [103/200], loss: 0.0180
Epoch [104/200], loss: 0.0178
Epoch [105/200], loss: 0.0183
Epoch [106/200], loss: 0.0173
Epoch [107/200], loss: 0.0172
Epoch [108/200], loss: 0.0170
Epoch [109/200], loss: 0.0169
Epoch [110/200], loss: 0.0169
Epoch [111/200], loss: 0.0168
Epoch [112/200], loss: 0.0166
Epoch [113/200], loss: 0.0163
Epoch [114/200], loss: 0.0162
Epoch [115/200], loss: 0.0161
Epoch [116/200], loss: 0.0158
Epoch [117/200], loss: 0.0160
Epoch [118/200], loss: 0.0155
Epoch [119/200], loss: 0.0155
Epoch [120/200], loss: 0.0154
Epoch [121/200], loss: 0.0151
Epoch [122/200], loss: 0.0152
Epoch [123/200], loss: 0.0149
Epoch [124/200], loss: 0.0150
Epoch [125/200], loss: 0.0147
Epoch [126/200], loss: 0.0145
Epoch [127/200], loss: 0.0145
Epoch [128/200], loss: 0.0146
Epoch [129/200], loss: 0.0142
Epoch [130/200], loss: 0.0142
Epoch [131/200], loss: 0.0139
Epoch [132/200], loss: 0.0142
Epoch [133/200], loss: 0.0136
Epoch [134/200], loss: 0.0139
Epoch [135/200], loss: 0.0136
Epoch [136/200], loss: 0.0133
Epoch [137/200], loss: 0.0136
Epoch [138/200], loss: 0.0131
Epoch [139/200], loss: 0.0131
Epoch [140/200], loss: 0.0130
Epoch [141/200], loss: 0.0131
Epoch [142/200], loss: 0.0130
Epoch [143/200], loss: 0.0129
Epoch [144/200], loss: 0.0129
Epoch [145/200], loss: 0.0127
Epoch [146/200], loss: 0.0126
Epoch [147/200], loss: 0.0124
Epoch [148/200], loss: 0.0125
Epoch [149/200], loss: 0.0121
Epoch [150/200], loss: 0.0121
Epoch [151/200], loss: 0.0122
Epoch [152/200], loss: 0.0120
Epoch [153/200], loss: 0.0119
Epoch [154/200], loss: 0.0119
Epoch [155/200], loss: 0.0120
Epoch [156/200], loss: 0.0116
Epoch [157/200], loss: 0.0117
Epoch [158/200], loss: 0.0116
Epoch [159/200], loss: 0.0114
Epoch [160/200], loss: 0.0118
Epoch [161/200], loss: 0.0115
Epoch [162/200], loss: 0.0111
Epoch [163/200], loss: 0.0114
Epoch [164/200], loss: 0.0110
Epoch [165/200], loss: 0.0113
Epoch [166/200], loss: 0.0110
Epoch [167/200], loss: 0.0110
Epoch [168/200], loss: 0.0108
Epoch [169/200], loss: 0.0110
Epoch [170/200], loss: 0.0108
Epoch [171/200], loss: 0.0107
Epoch [172/200], loss: 0.0106
Epoch [173/200], loss: 0.0107
Epoch [174/200], loss: 0.0105
Epoch [175/200], loss: 0.0107
Epoch [176/200], loss: 0.0105
Epoch [177/200], loss: 0.0105
Epoch [178/200], loss: 0.0107
Epoch [179/200], loss: 0.0103
Epoch [180/200], loss: 0.0104
Epoch [181/200], loss: 0.0101
Epoch [182/200], loss: 0.0101
Epoch [183/200], loss: 0.0101
Epoch [184/200], loss: 0.0100
Epoch [185/200], loss: 0.0102
Epoch [186/200], loss: 0.0100
Epoch [187/200], loss: 0.0099
Epoch [188/200], loss: 0.0097
Epoch [189/200], loss: 0.0100
Epoch [190/200], loss: 0.0100
Epoch [191/200], loss: 0.0097
Epoch [192/200], loss: 0.0094
Epoch [193/200], loss: 0.0099
Epoch [194/200], loss: 0.0093
Epoch [195/200], loss: 0.0095
Epoch [196/200], loss: 0.0097
Epoch [197/200], loss: 0.0097
Epoch [198/200], loss: 0.0092
Epoch [199/200], loss: 0.0095
Epoch [200/200], loss: 0.0093
Saving checkpoint at time 2025-03-24_07_25_00.312920
