cuda available: True
[INFO] loading the paired desmoke image dataset...
[INFO] paired desmoke image dataset loaded...
Epoch [1/500], loss: 0.0693
Epoch [2/500], loss: 0.0115
Epoch [3/500], loss: 0.0088
Epoch [4/500], loss: 0.0067
Epoch [5/500], loss: 0.0056
Epoch [6/500], loss: 0.0048
Epoch [7/500], loss: 0.0043
Epoch [8/500], loss: 0.0038
Epoch [9/500], loss: 0.0036
Epoch [10/500], loss: 0.0036
Epoch [11/500], loss: 0.0030
Epoch [12/500], loss: 0.0028
Epoch [13/500], loss: 0.0026
Epoch [14/500], loss: 0.0025
Epoch [15/500], loss: 0.0023
Epoch [16/500], loss: 0.0028
Epoch [17/500], loss: 0.0022
Epoch [18/500], loss: 0.0020
Epoch [19/500], loss: 0.0019
Epoch [20/500], loss: 0.0019
Epoch [21/500], loss: 0.0018
Epoch [22/500], loss: 0.0018
Epoch [23/500], loss: 0.0018
Epoch [24/500], loss: 0.0018
Epoch [25/500], loss: 0.0017
Epoch [26/500], loss: 0.0016
Epoch [27/500], loss: 0.0016
Epoch [28/500], loss: 0.0015
Epoch [29/500], loss: 0.0015
Epoch [30/500], loss: 0.0014
Epoch [31/500], loss: 0.0014
Epoch [32/500], loss: 0.0014
Epoch [33/500], loss: 0.0014
Epoch [34/500], loss: 0.0013
Epoch [35/500], loss: 0.0014
Epoch [36/500], loss: 0.0013
Epoch [37/500], loss: 0.0018
Epoch [38/500], loss: 0.0013
Epoch [39/500], loss: 0.0012
Epoch [40/500], loss: 0.0011
Epoch [41/500], loss: 0.0012
Epoch [42/500], loss: 0.0012
Epoch [43/500], loss: 0.0011
Epoch [44/500], loss: 0.0011
Epoch [45/500], loss: 0.0011
Epoch [46/500], loss: 0.0011
Epoch [47/500], loss: 0.0011
Epoch [48/500], loss: 0.0011
Epoch [49/500], loss: 0.0011
Epoch [50/500], loss: 0.0011
Epoch [51/500], loss: 0.0010
Epoch [52/500], loss: 0.0010
Epoch [53/500], loss: 0.0010
Epoch [54/500], loss: 0.0011
Epoch [55/500], loss: 0.0010
Epoch [56/500], loss: 0.0009
Epoch [57/500], loss: 0.0009
Epoch [58/500], loss: 0.0009
Epoch [59/500], loss: 0.0009
Epoch [60/500], loss: 0.0009
Epoch [61/500], loss: 0.0009
Epoch [62/500], loss: 0.0009
Epoch [63/500], loss: 0.0009
Epoch [64/500], loss: 0.0008
Epoch [65/500], loss: 0.0008
Epoch [66/500], loss: 0.0008
Epoch [67/500], loss: 0.0008
Epoch [68/500], loss: 0.0008
Epoch [69/500], loss: 0.0008
Epoch [70/500], loss: 0.0008
Epoch [71/500], loss: 0.0008
Epoch [72/500], loss: 0.0008
Epoch [73/500], loss: 0.0008
Epoch [74/500], loss: 0.0008
Epoch [75/500], loss: 0.0008
Epoch [76/500], loss: 0.0007
Epoch [77/500], loss: 0.0008
Epoch [78/500], loss: 0.0007
Epoch [79/500], loss: 0.0007
Epoch [80/500], loss: 0.0007
Epoch [81/500], loss: 0.0007
Epoch [82/500], loss: 0.0007
Epoch [83/500], loss: 0.0007
Epoch [84/500], loss: 0.0007
Epoch [85/500], loss: 0.0007
Epoch [86/500], loss: 0.0007
Epoch [87/500], loss: 0.0007
Epoch [88/500], loss: 0.0007
Epoch [89/500], loss: 0.0007
Epoch [90/500], loss: 0.0007
Epoch [91/500], loss: 0.0006
Epoch [92/500], loss: 0.0006
Epoch [93/500], loss: 0.0006
Epoch [94/500], loss: 0.0006
Epoch [95/500], loss: 0.0006
Epoch [96/500], loss: 0.0006
Epoch [97/500], loss: 0.0006
Epoch [98/500], loss: 0.0006
Epoch [99/500], loss: 0.0006
Epoch [100/500], loss: 0.0006
Epoch [101/500], loss: 0.0006
Epoch [102/500], loss: 0.0006
Epoch [103/500], loss: 0.0006
Epoch [104/500], loss: 0.0006
Epoch [105/500], loss: 0.0006
Epoch [106/500], loss: 0.0006
Epoch [107/500], loss: 0.0006
Epoch [108/500], loss: 0.0005
Epoch [109/500], loss: 0.0006
Epoch [110/500], loss: 0.0005
Epoch [111/500], loss: 0.0005
Epoch [112/500], loss: 0.0005
Epoch [113/500], loss: 0.0005
Epoch [114/500], loss: 0.0005
Epoch [115/500], loss: 0.0005
Epoch [116/500], loss: 0.0005
Epoch [117/500], loss: 0.0005
Epoch [118/500], loss: 0.0005
Epoch [119/500], loss: 0.0005
Epoch [120/500], loss: 0.0005
Epoch [121/500], loss: 0.0005
Epoch [122/500], loss: 0.0005
Epoch [123/500], loss: 0.0005
Epoch [124/500], loss: 0.0005
Epoch [125/500], loss: 0.0005
Epoch [126/500], loss: 0.0005
Epoch [127/500], loss: 0.0005
Epoch [128/500], loss: 0.0005
Epoch [129/500], loss: 0.0005
Epoch [130/500], loss: 0.0005
Epoch [131/500], loss: 0.0005
Epoch [132/500], loss: 0.0004
Epoch [133/500], loss: 0.0005
Epoch [134/500], loss: 0.0005
Epoch [135/500], loss: 0.0005
Epoch [136/500], loss: 0.0004
Epoch [137/500], loss: 0.0004
Epoch [138/500], loss: 0.0004
Epoch [139/500], loss: 0.0004
Epoch [140/500], loss: 0.0004
Epoch [141/500], loss: 0.0004
Epoch [142/500], loss: 0.0004
Epoch [143/500], loss: 0.0004
Epoch [144/500], loss: 0.0004
Epoch [145/500], loss: 0.0004
Epoch [146/500], loss: 0.0004
Epoch [147/500], loss: 0.0004
Epoch [148/500], loss: 0.0004
Epoch [149/500], loss: 0.0004
Epoch [150/500], loss: 0.0004
Epoch [151/500], loss: 0.0004
Epoch [152/500], loss: 0.0004
Epoch [153/500], loss: 0.0004
Epoch [154/500], loss: 0.0004
Epoch [155/500], loss: 0.0004
Epoch [156/500], loss: 0.0004
Epoch [157/500], loss: 0.0004
Epoch [158/500], loss: 0.0004
Epoch [159/500], loss: 0.0004
Epoch [160/500], loss: 0.0004
Epoch [161/500], loss: 0.0004
Epoch [162/500], loss: 0.0004
Epoch [163/500], loss: 0.0004
Epoch [164/500], loss: 0.0004
Epoch [165/500], loss: 0.0004
Epoch [166/500], loss: 0.0004
Epoch [167/500], loss: 0.0004
Epoch [168/500], loss: 0.0004
Epoch [169/500], loss: 0.0004
Epoch [170/500], loss: 0.0003
Epoch [171/500], loss: 0.0003
Epoch [172/500], loss: 0.0003
Epoch [173/500], loss: 0.0003
Epoch [174/500], loss: 0.0003
Epoch [175/500], loss: 0.0003
Epoch [176/500], loss: 0.0003
Epoch [177/500], loss: 0.0003
Epoch [178/500], loss: 0.0003
Epoch [179/500], loss: 0.0003
Epoch [180/500], loss: 0.0003
Epoch [181/500], loss: 0.0003
Epoch [182/500], loss: 0.0003
Epoch [183/500], loss: 0.0003
Epoch [184/500], loss: 0.0003
Epoch [185/500], loss: 0.0003
Epoch [186/500], loss: 0.0003
Epoch [187/500], loss: 0.0003
Epoch [188/500], loss: 0.0003
Epoch [189/500], loss: 0.0003
Epoch [190/500], loss: 0.0003
Epoch [191/500], loss: 0.0003
Epoch [192/500], loss: 0.0003
Epoch [193/500], loss: 0.0003
Epoch [194/500], loss: 0.0003
Epoch [195/500], loss: 0.0003
Epoch [196/500], loss: 0.0003
Epoch [197/500], loss: 0.0003
Epoch [198/500], loss: 0.0003
Epoch [199/500], loss: 0.0003
Epoch [200/500], loss: 0.0003
Epoch [201/500], loss: 0.0003
Epoch [202/500], loss: 0.0003
Epoch [203/500], loss: 0.0003
Epoch [204/500], loss: 0.0003
Epoch [205/500], loss: 0.0003
Epoch [206/500], loss: 0.0003
Epoch [207/500], loss: 0.0003
Epoch [208/500], loss: 0.0003
Epoch [209/500], loss: 0.0003
Epoch [210/500], loss: 0.0003
Epoch [211/500], loss: 0.0003
Epoch [212/500], loss: 0.0003
Epoch [213/500], loss: 0.0003
Epoch [214/500], loss: 0.0003
Epoch [215/500], loss: 0.0003
Epoch [216/500], loss: 0.0003
Epoch [217/500], loss: 0.0003
Epoch [218/500], loss: 0.0003
Epoch [219/500], loss: 0.0003
Epoch [220/500], loss: 0.0003
Epoch [221/500], loss: 0.0003
Epoch [222/500], loss: 0.0003
Epoch [223/500], loss: 0.0003
Epoch [224/500], loss: 0.0003
Epoch [225/500], loss: 0.0003
Epoch [226/500], loss: 0.0003
Epoch [227/500], loss: 0.0003
Epoch [228/500], loss: 0.0003
Epoch [229/500], loss: 0.0003
Epoch [230/500], loss: 0.0003
Epoch [231/500], loss: 0.0003
Epoch [232/500], loss: 0.0003
Epoch [233/500], loss: 0.0003
Epoch [234/500], loss: 0.0002
Epoch [235/500], loss: 0.0002
Epoch [236/500], loss: 0.0003
Epoch [237/500], loss: 0.0003
Epoch [238/500], loss: 0.0002
Epoch [239/500], loss: 0.0003
Epoch [240/500], loss: 0.0003
Epoch [241/500], loss: 0.0002
Epoch [242/500], loss: 0.0002
Epoch [243/500], loss: 0.0002
Epoch [244/500], loss: 0.0002
Epoch [245/500], loss: 0.0002
Epoch [246/500], loss: 0.0002
Epoch [247/500], loss: 0.0002
Epoch [248/500], loss: 0.0002
Epoch [249/500], loss: 0.0002
Epoch [250/500], loss: 0.0002
Epoch [251/500], loss: 0.0002
Epoch [252/500], loss: 0.0002
Epoch [253/500], loss: 0.0002
Epoch [254/500], loss: 0.0002
Epoch [255/500], loss: 0.0002
Epoch [256/500], loss: 0.0002
Epoch [257/500], loss: 0.0002
Epoch [258/500], loss: 0.0002
Epoch [259/500], loss: 0.0002
Epoch [260/500], loss: 0.0002
Epoch [261/500], loss: 0.0002
Epoch [262/500], loss: 0.0002
Epoch [263/500], loss: 0.0002
Epoch [264/500], loss: 0.0002
Epoch [265/500], loss: 0.0002
Epoch [266/500], loss: 0.0002
Epoch [267/500], loss: 0.0002
Epoch [268/500], loss: 0.0002
Epoch [269/500], loss: 0.0002
Epoch [270/500], loss: 0.0002
Epoch [271/500], loss: 0.0002
Epoch [272/500], loss: 0.0002
Epoch [273/500], loss: 0.0002
Epoch [274/500], loss: 0.0002
Epoch [275/500], loss: 0.0002
Epoch [276/500], loss: 0.0002
Epoch [277/500], loss: 0.0002
Epoch [278/500], loss: 0.0002
Epoch [279/500], loss: 0.0002
Epoch [280/500], loss: 0.0002
Epoch [281/500], loss: 0.0002
Epoch [282/500], loss: 0.0002
Epoch [283/500], loss: 0.0002
Epoch [284/500], loss: 0.0002
Epoch [285/500], loss: 0.0002
Epoch [286/500], loss: 0.0002
Epoch [287/500], loss: 0.0002
Epoch [288/500], loss: 0.0002
Epoch [289/500], loss: 0.0002
Epoch [290/500], loss: 0.0002
Epoch [291/500], loss: 0.0002
Epoch [292/500], loss: 0.0002
Epoch [293/500], loss: 0.0002
Epoch [294/500], loss: 0.0002
Epoch [295/500], loss: 0.0002
Epoch [296/500], loss: 0.0002
Epoch [297/500], loss: 0.0002
Epoch [298/500], loss: 0.0002
Epoch [299/500], loss: 0.0002
Epoch [300/500], loss: 0.0002
Epoch [301/500], loss: 0.0002
Epoch [302/500], loss: 0.0002
Epoch [303/500], loss: 0.0002
Epoch [304/500], loss: 0.0002
Epoch [305/500], loss: 0.0002
Epoch [306/500], loss: 0.0002
Epoch [307/500], loss: 0.0002
Epoch [308/500], loss: 0.0002
Epoch [309/500], loss: 0.0002
Epoch [310/500], loss: 0.0002
Epoch [311/500], loss: 0.0002
Epoch [312/500], loss: 0.0002
Epoch [313/500], loss: 0.0002
Epoch [314/500], loss: 0.0002
Epoch [315/500], loss: 0.0002
Epoch [316/500], loss: 0.0002
Epoch [317/500], loss: 0.0002
Epoch [318/500], loss: 0.0002
Epoch [319/500], loss: 0.0002
Epoch [320/500], loss: 0.0002
Epoch [321/500], loss: 0.0002
Epoch [322/500], loss: 0.0002
Epoch [323/500], loss: 0.0002
Epoch [324/500], loss: 0.0002
Epoch [325/500], loss: 0.0002
Epoch [326/500], loss: 0.0002
Epoch [327/500], loss: 0.0002
Epoch [328/500], loss: 0.0002
Epoch [329/500], loss: 0.0002
Epoch [330/500], loss: 0.0002
Epoch [331/500], loss: 0.0002
Epoch [332/500], loss: 0.0002
Epoch [333/500], loss: 0.0002
Epoch [334/500], loss: 0.0002
Epoch [335/500], loss: 0.0002
Epoch [336/500], loss: 0.0002
Epoch [337/500], loss: 0.0002
Epoch [338/500], loss: 0.0002
Epoch [339/500], loss: 0.0002
Epoch [340/500], loss: 0.0002
Epoch [341/500], loss: 0.0002
Epoch [342/500], loss: 0.0002
Epoch [343/500], loss: 0.0002
Epoch [344/500], loss: 0.0002
Epoch [345/500], loss: 0.0002
Epoch [346/500], loss: 0.0002
Epoch [347/500], loss: 0.0002
Epoch [348/500], loss: 0.0002
Epoch [349/500], loss: 0.0002
Epoch [350/500], loss: 0.0002
Epoch [351/500], loss: 0.0002
Epoch [352/500], loss: 0.0002
Epoch [353/500], loss: 0.0002
Epoch [354/500], loss: 0.0002
Epoch [355/500], loss: 0.0002
Epoch [356/500], loss: 0.0002
Epoch [357/500], loss: 0.0002
Epoch [358/500], loss: 0.0002
Epoch [359/500], loss: 0.0002
Epoch [360/500], loss: 0.0002
Epoch [361/500], loss: 0.0002
Epoch [362/500], loss: 0.0002
Epoch [363/500], loss: 0.0002
Epoch [364/500], loss: 0.0002
Epoch [365/500], loss: 0.0002
Epoch [366/500], loss: 0.0002
Epoch [367/500], loss: 0.0002
Epoch [368/500], loss: 0.0002
Epoch [369/500], loss: 0.0002
Epoch [370/500], loss: 0.0002
Epoch [371/500], loss: 0.0002
Epoch [372/500], loss: 0.0002
Epoch [373/500], loss: 0.0002
Epoch [374/500], loss: 0.0002
Epoch [375/500], loss: 0.0002
Epoch [376/500], loss: 0.0002
Epoch [377/500], loss: 0.0002
Epoch [378/500], loss: 0.0002
Epoch [379/500], loss: 0.0002
Epoch [380/500], loss: 0.0002
Epoch [381/500], loss: 0.0002
Epoch [382/500], loss: 0.0002
Epoch [383/500], loss: 0.0002
Epoch [384/500], loss: 0.0002
Epoch [385/500], loss: 0.0002
Epoch [386/500], loss: 0.0002
Epoch [387/500], loss: 0.0002
Epoch [388/500], loss: 0.0002
Epoch [389/500], loss: 0.0002
Epoch [390/500], loss: 0.0002
Epoch [391/500], loss: 0.0002
Epoch [392/500], loss: 0.0002
Epoch [393/500], loss: 0.0002
Epoch [394/500], loss: 0.0002
Epoch [395/500], loss: 0.0002
Epoch [396/500], loss: 0.0002
Epoch [397/500], loss: 0.0002
Epoch [398/500], loss: 0.0002
Epoch [399/500], loss: 0.0001
Epoch [400/500], loss: 0.0001
Epoch [401/500], loss: 0.0002
Epoch [402/500], loss: 0.0002
Epoch [403/500], loss: 0.0002
Epoch [404/500], loss: 0.0001
Epoch [405/500], loss: 0.0002
Epoch [406/500], loss: 0.0002
Epoch [407/500], loss: 0.0001
Epoch [408/500], loss: 0.0002
Epoch [409/500], loss: 0.0001
Epoch [410/500], loss: 0.0001
Epoch [411/500], loss: 0.0001
Epoch [412/500], loss: 0.0001
Epoch [413/500], loss: 0.0001
Epoch [414/500], loss: 0.0001
Epoch [415/500], loss: 0.0001
Epoch [416/500], loss: 0.0001
Epoch [417/500], loss: 0.0002
Epoch [418/500], loss: 0.0001
Epoch [419/500], loss: 0.0001
Epoch [420/500], loss: 0.0001
Epoch [421/500], loss: 0.0001
Epoch [422/500], loss: 0.0001
Epoch [423/500], loss: 0.0001
Epoch [424/500], loss: 0.0001
Epoch [425/500], loss: 0.0001
Epoch [426/500], loss: 0.0001
Epoch [427/500], loss: 0.0001
Epoch [428/500], loss: 0.0001
Epoch [429/500], loss: 0.0001
Epoch [430/500], loss: 0.0001
Epoch [431/500], loss: 0.0001
Epoch [432/500], loss: 0.0001
Epoch [433/500], loss: 0.0001
Epoch [434/500], loss: 0.0001
Epoch [435/500], loss: 0.0001
Epoch [436/500], loss: 0.0001
Epoch [437/500], loss: 0.0001
Epoch [438/500], loss: 0.0001
Epoch [439/500], loss: 0.0001
Epoch [440/500], loss: 0.0001
Epoch [441/500], loss: 0.0001
Epoch [442/500], loss: 0.0001
Epoch [443/500], loss: 0.0001
Epoch [444/500], loss: 0.0001
Epoch [445/500], loss: 0.0001
Epoch [446/500], loss: 0.0001
Epoch [447/500], loss: 0.0001
Epoch [448/500], loss: 0.0001
Epoch [449/500], loss: 0.0001
Epoch [450/500], loss: 0.0001
Epoch [451/500], loss: 0.0001
Epoch [452/500], loss: 0.0001
Epoch [453/500], loss: 0.0001
Epoch [454/500], loss: 0.0001
Epoch [455/500], loss: 0.0001
Epoch [456/500], loss: 0.0001
Epoch [457/500], loss: 0.0001
Epoch [458/500], loss: 0.0001
Epoch [459/500], loss: 0.0001
Epoch [460/500], loss: 0.0001
Epoch [461/500], loss: 0.0001
Epoch [462/500], loss: 0.0001
Epoch [463/500], loss: 0.0001
Epoch [464/500], loss: 0.0001
Epoch [465/500], loss: 0.0001
Epoch [466/500], loss: 0.0001
Epoch [467/500], loss: 0.0001
Epoch [468/500], loss: 0.0001
Epoch [469/500], loss: 0.0001
Epoch [470/500], loss: 0.0001
Epoch [471/500], loss: 0.0001
Epoch [472/500], loss: 0.0001
Epoch [473/500], loss: 0.0001
Epoch [474/500], loss: 0.0001
Epoch [475/500], loss: 0.0001
Epoch [476/500], loss: 0.0001
Epoch [477/500], loss: 0.0001
Epoch [478/500], loss: 0.0001
Epoch [479/500], loss: 0.0001
Epoch [480/500], loss: 0.0001
Epoch [481/500], loss: 0.0001
Epoch [482/500], loss: 0.0001
Epoch [483/500], loss: 0.0001
Epoch [484/500], loss: 0.0001
Epoch [485/500], loss: 0.0001
Epoch [486/500], loss: 0.0001
Epoch [487/500], loss: 0.0001
Epoch [488/500], loss: 0.0001
Epoch [489/500], loss: 0.0001
Epoch [490/500], loss: 0.0001
Epoch [491/500], loss: 0.0001
Epoch [492/500], loss: 0.0001
Epoch [493/500], loss: 0.0001
Epoch [494/500], loss: 0.0001
Epoch [495/500], loss: 0.0001
Epoch [496/500], loss: 0.0001
Epoch [497/500], loss: 0.0001
Epoch [498/500], loss: 0.0001
Epoch [499/500], loss: 0.0001
Epoch [500/500], loss: 0.0001
Saving checkpoint at time 2025-03-04_17_06_54.271855
